<?xml version="1.0" encoding="UTF-8"?>
<testsuite xmlns:xsi="http://www.w3.org/2001/XMLSchema-instance" xsi:noNamespaceSchemaLocation="https://maven.apache.org/surefire/maven-surefire-plugin/xsd/surefire-test-report.xsd" name="support.runtest" time="46.524" tests="2" errors="0" skipped="0" failures="0">
  <properties>
[...]
</properties>
  <testcase name="Compra de un producto" classname="Funcionalidad del carrito de compra" time="26.288"/>
  <testcase name="Compra de un producto version 2" classname="Funcionalidad del carrito de compra version 2" time="19.379"/>
</testsuite>